[debug] [2021-03-29T07:28:02.722Z] ----------------------------------------------------------------------
[debug] [2021-03-29T07:28:02.724Z] Command:       /usr/local/bin/node /usr/local/bin/firebase init
[debug] [2021-03-29T07:28:02.725Z] CLI Version:   9.8.0
[debug] [2021-03-29T07:28:02.725Z] Platform:      darwin
[debug] [2021-03-29T07:28:02.725Z] Node Version:  v14.15.4
[debug] [2021-03-29T07:28:02.725Z] Time:          Mon Mar 29 2021 16:28:02 GMT+0900 (日本標準時)
[debug] [2021-03-29T07:28:02.726Z] ----------------------------------------------------------------------
[debug] 
[debug] [2021-03-29T07:28:02.731Z] > command requires scopes: ["email","openid","https://www.googleapis.com/auth/cloudplatformprojects.readonly","https://www.googleapis.com/auth/firebase","https://www.googleapis.com/auth/cloud-platform"]
[debug] [2021-03-29T07:28:02.732Z] > authorizing via signed-in user
[info] 
     ######## #### ########  ######## ########     ###     ######  ########
     ##        ##  ##     ## ##       ##     ##  ##   ##  ##       ##
     ######    ##  ########  ######   ########  #########  ######  ######
     ##        ##  ##    ##  ##       ##     ## ##     ##       ## ##
     ##       #### ##     ## ######## ########  ##     ##  ######  ########

You're about to initialize a Firebase project in this directory:

  /Users/yuusukefukushima/Desktop/geek/team10/sharing-app

Before we get started, keep in mind:

  * You are initializing in an existing Firebase project directory

[info] 
=== Project Setup
[info] 
[info] First, let's associate this project directory with a Firebase project.
[info] You can create multiple project aliases by running firebase use --add, 
[info] but for now we'll just set up a default project.
[info] 
[info] i  .firebaserc already has a default project, using sharing-app-68d4b. 
[debug] [2021-03-29T07:28:21.614Z] >>> [apiv2][query] GET https://firebase.googleapis.com/v1beta1/projects/sharing-app-68d4b [none]
[debug] [2021-03-29T07:28:21.998Z] <<< [apiv2][status] GET https://firebase.googleapis.com/v1beta1/projects/sharing-app-68d4b 200
[debug] [2021-03-29T07:28:21.998Z] <<< [apiv2][body] GET https://firebase.googleapis.com/v1beta1/projects/sharing-app-68d4b {"projectId":"sharing-app-68d4b","projectNumber":"334785359736","displayName":"sharing-app","name":"projects/sharing-app-68d4b","resources":{"hostingSite":"sharing-app-68d4b","storageBucket":"sharing-app-68d4b.appspot.com","locationId":"asia-northeast1"},"state":"ACTIVE"}
[info] 
=== Hosting Setup
[info] 
[info] Your public directory is the folder (relative to your project directory) that
[info] will contain Hosting assets to be uploaded with firebase deploy. If you
[info] have a build process for your assets, use your build's output directory.
[info] 
[debug] [2021-03-29T07:29:06.730Z] >>> [apiv2][query] GET https://www.gstatic.com/firebasejs/releases.json [none]
[debug] [2021-03-29T07:29:06.802Z] <<< [apiv2][status] GET https://www.gstatic.com/firebasejs/releases.json 200
[debug] [2021-03-29T07:29:06.802Z] <<< [apiv2][body] GET https://www.gstatic.com/firebasejs/releases.json {"current":{"version":"8.3.1","browserURL":"https://www.gstatic.com/firebasejs/8.3.1/firebase.js","packageURL":"https://www.gstatic.com/firebasejs/8.3.1/firebase.tgz"},"live":{"version":"8.3","browserURL":"https://www.gstatic.com/firebasejs/live/8.3/firebase.js","packageURL":"https://www.gstatic.com/firebasejs/live/8.3/firebase.tgz"},"components":{"analytics":"https://www.gstatic.com/firebasejs/8.3.1/firebase-analytics.js","app":"https://www.gstatic.com/firebasejs/8.3.1/firebase-app.js","auth":"https://www.gstatic.com/firebasejs/8.3.1/firebase-auth.js","database":"https://www.gstatic.com/firebasejs/8.3.1/firebase-database.js","firestore":"https://www.gstatic.com/firebasejs/8.3.1/firebase-firestore.js","functions":"https://www.gstatic.com/firebasejs/8.3.1/firebase-functions.js","installations":"https://www.gstatic.com/firebasejs/8.3.1/firebase-installations.js","messaging":"https://www.gstatic.com/firebasejs/8.3.1/firebase-messaging.js","storage":"https://www.gstatic.com/firebasejs/8.3.1/firebase-storage.js","performance":"https://www.gstatic.com/firebasejs/8.3.1/firebase-performance.js","remote-config":"https://www.gstatic.com/firebasejs/8.3.1/firebase-remote-config.js","firestore.memory":"https://www.gstatic.com/firebasejs/8.3.1/firebase-firestore.memory.js"}}
[info] ✔  Wrote dist/index.html 
[info] 
[info] i  Detected a .git folder at /Users/yuusukefukushima/Desktop/geek/team10/sharing-app 
[info] i  Authorizing with GitHub to upload your service account to a GitHub repository's secrets store. 
[info] 
[info] Visit this URL on this device to log in:
[info] https://github.com/login/oauth/authorize?client_id=89cf50f02ac6aaed3484&state=828233309&redirect_uri=http%3A%2F%2Flocalhost%3A9005&scope=read%3Auser%20repo%20public_repo
[info] 
[info] Waiting for authentication...
[debug] [2021-03-29T07:29:07.395Z] >>> HTTP REQUEST POST https://github.com/login/oauth/access_token  
 {"client_id":"89cf50f02ac6aaed3484","client_secret":"3330d14abc895d9a74d5f17cd7a00711fa2c5bf0","code":"3ab0305ef31dee92fa0d","redirect_uri":"http://localhost:9005","state":"828233309"}
[debug] [2021-03-29T07:29:07.661Z] <<< HTTP RESPONSE 200 {"server":"GitHub.com","date":"Mon, 29 Mar 2021 07:29:07 GMT","content-type":"application/json; charset=utf-8","transfer-encoding":"chunked","vary":"X-PJAX, Accept-Encoding, Accept, X-Requested-With","etag":"W/\"b61ae50872de84c14fc345ea54a8a4ac\"","cache-control":"max-age=0, private, must-revalidate","strict-transport-security":"max-age=31536000; includeSubdomains; preload","x-frame-options":"deny","x-content-type-options":"nosniff","x-xss-protection":"0","referrer-policy":"origin-when-cross-origin, strict-origin-when-cross-origin","expect-ct":"max-age=2592000, report-uri=\"https://api.github.com/_private/browser/errors\"","content-security-policy":"default-src 'none'; base-uri 'self'; block-all-mixed-content; connect-src 'self' uploads.github.com www.githubstatus.com collector.githubapp.com api.github.com github-cloud.s3.amazonaws.com github-production-repository-file-5c1aeb.s3.amazonaws.com github-production-upload-manifest-file-7fdce7.s3.amazonaws.com github-production-user-asset-6210df.s3.amazonaws.com cdn.optimizely.com logx.optimizely.com/v1/events wss://alive.github.com; font-src github.githubassets.com; form-action 'self' github.com gist.github.com; frame-ancestors 'none'; frame-src render.githubusercontent.com; img-src 'self' data: github.githubassets.com identicons.github.com collector.githubapp.com github-cloud.s3.amazonaws.com secured-user-images.githubusercontent.com/ *.githubusercontent.com; manifest-src 'self'; media-src 'none'; script-src github.githubassets.com; style-src 'unsafe-inline' github.githubassets.com; worker-src github.com/socket-worker-6832eced.js gist.github.com/socket-worker-6832eced.js","x-github-request-id":"C890:421A:32FE4C:3A783D:606181C3"}
[debug] [2021-03-29T07:29:07.665Z] >>> [apiv2][query] GET https://api.github.com/user [none]
[debug] [2021-03-29T07:29:07.969Z] <<< [apiv2][status] GET https://api.github.com/user 200
[debug] [2021-03-29T07:29:07.969Z] <<< [apiv2][body] GET https://api.github.com/user {"login":"yusukef0921","id":74343948,"node_id":"MDQ6VXNlcjc0MzQzOTQ4","avatar_url":"https://avatars.githubusercontent.com/u/74343948?v=4","gravatar_id":"","url":"https://api.github.com/users/yusukef0921","html_url":"https://github.com/yusukef0921","followers_url":"https://api.github.com/users/yusukef0921/followers","following_url":"https://api.github.com/users/yusukef0921/following{/other_user}","gists_url":"https://api.github.com/users/yusukef0921/gists{/gist_id}","starred_url":"https://api.github.com/users/yusukef0921/starred{/owner}{/repo}","subscriptions_url":"https://api.github.com/users/yusukef0921/subscriptions","organizations_url":"https://api.github.com/users/yusukef0921/orgs","repos_url":"https://api.github.com/users/yusukef0921/repos","events_url":"https://api.github.com/users/yusukef0921/events{/privacy}","received_events_url":"https://api.github.com/users/yusukef0921/received_events","type":"User","site_admin":false,"name":null,"company":null,"blog":"","location":null,"email":null,"hireable":null,"bio":null,"twitter_username":null,"public_repos":2,"public_gists":0,"followers":0,"following":0,"created_at":"2020-11-12T06:33:13Z","updated_at":"2021-03-29T07:19:47Z","private_gists":0,"total_private_repos":0,"owned_private_repos":0,"disk_usage":2,"collaborators":0,"two_factor_authentication":false,"plan":{"name":"free","space":976562499,"collaborators":0,"private_repos":10000}}
[info] 
[info] ✔  Success! Logged into GitHub as yusukef0921 
[info] 
